<?xml version="1.0" encoding="UTF-8"?>
<!-- Generated by org.testng.reporters.JUnitXMLReporter -->
<testsuite hostname="PROBAL-ASUS" ignored="0" name="Test" tests="3" failures="0" timestamp="2019-11-13T12:47:21 CST" time="136.317" errors="0">
  <testcase name="test1" time="9.133" classname="com.Automationtalks.demoProject.TestClass1"/>
  <testcase name="test2" time="48.157" classname="com.Automationtalks.demoProject.TestClass1"/>
  <testcase name="test3" time="48.337" classname="com.Automationtalks.demoProject.TestClass1"/>
</testsuite> <!-- Test -->
